<?xml version="1.0" encoding="UTF-8"?>
<testsuite xmlns:xsi="http://www.w3.org/2001/XMLSchema-instance" xsi:noNamespaceSchemaLocation="https://maven.apache.org/surefire/maven-surefire-plugin/xsd/surefire-test-report.xsd" version="3.0.2" name="edu.asu.cse464.dot.DotGraphIOTest" time="1.727" tests="4" errors="0" skipped="0" failures="0">
  <properties>
[...]
</properties>
  <testcase name="feature2_addNode_addNodes_duplicateChecks" classname="edu.asu.cse464.dot.DotGraphIOTest" time="0.071"/>
  <testcase name="feature3_addEdge_duplicateChecks_and_autoNodeCreate" classname="edu.asu.cse464.dot.DotGraphIOTest" time="0.023"/>
  <testcase name="feature4_outputDot_and_png" classname="edu.asu.cse464.dot.DotGraphIOTest" time="1.567">
    <system-err><![CDATA[SLF4J: Failed to load class "org.slf4j.impl.StaticLoggerBinder".
SLF4J: Defaulting to no-operation (NOP) logger implementation
SLF4J: See http://www.slf4j.org/codes.html#StaticLoggerBinder for further details.
]]></system-err>
  </testcase>
  <testcase name="feature1_parseGraph_and_outputGraph" classname="edu.asu.cse464.dot.DotGraphIOTest" time="0.02"/>
</testsuite>